
12월 04, 2024 09:45:24.42 NEW SESSION
12월 04, 2024 09:45:24.43 Created TensorFlow Lite XNNPACK delegate for CPU.
12월 04, 2024 09:45:24.52 [2700:3828:1204/094524.523:ERROR:registration_request.cc(291)] Registration response error message: DEPRECATED_ENDPOINT
12월 04, 2024 09:45:53.04 [2700:3828:1204/094553.044:ERROR:registration_request.cc(291)] Registration response error message: DEPRECATED_ENDPOINT
12월 04, 2024 09:46:35.32 [2700:3828:1204/094635.326:ERROR:registration_request.cc(291)] Registration response error message: DEPRECATED_ENDPOINT
12월 04, 2024 09:48:12.24 [2700:3828:1204/094812.244:ERROR:registration_request.cc(291)] Registration response error message: DEPRECATED_ENDPOINT
12월 04, 2024 09:51:27.67 [2700:3828:1204/095127.678:ERROR:registration_request.cc(291)] Registration response error message: DEPRECATED_ENDPOINT
12월 04, 2024 09:59:15.81 [2700:3828:1204/095915.816:ERROR:registration_request.cc(291)] Registration response error message: DEPRECATED_ENDPOINT
12월 04, 2024 10:43:38.79 [2700:6660:1204/104338.791:ERROR:device_event_log_impl.cc(201)] [10:43:38.789] USB: usb_service_win.cc:105 SetupDiGetDeviceProperty({{A45C254E-DF1C-4EFD-8020-67D146A850E0}, 6}) failed: 요소가 없습니다. (0x490)
12월 04, 2024 10:54:45.25 [2700:6660:1204/105445.258:ERROR:interface_endpoint_client.cc(725)] Message 1 rejected by interface blink.mojom.WidgetHost
12월 04, 2024 11:46:04.12 [2700:6660:1204/114604.120:ERROR:CONSOLE(1)] "Unknown VE context: Fetch 및 XHR    at $r.addBit (devtools://devtools/bundled/devtools-frontend/front_end/ui/legacy/legacy.js:3:10980)
12월 04, 2024 11:46:04.12     at new $r (devtools://devtools/bundled/devtools-frontend/front_end/ui/legacy/legacy.js:3:9726)
12월 04, 2024 11:46:04.12     at new Mi (devtools://devtools/bundled/devtools-frontend/front_end/panels/network/network.js:1:203214)
12월 04, 2024 11:46:04.12     at new tr (devtools://devtools/bundled/devtools-frontend/front_end/panels/network/network.js:1:262507)
12월 04, 2024 11:46:04.12     at tr.instance (devtools://devtools/bundled/devtools-frontend/front_end/panels/network/network.js:1:264902)
12월 04, 2024 11:46:04.12     at Object.loadView (devtools://devtools/bundled/devtools-frontend/front_end/entrypoints/devtools_app/devtools_app.js:1:18261)
12월 04, 2024 11:46:04.12     at async Promise.all (index 1)", source: devtools://devtools/bundled/devtools-frontend/front_end/ui/visual_logging/visual_logging.js (1)
12월 04, 2024 11:46:04.12 [2700:6660:1204/114604.120:ERROR:CONSOLE(1)] "Unknown VE context: 문서    at $r.addBit (devtools://devtools/bundled/devtools-frontend/front_end/ui/legacy/legacy.js:3:10980)
12월 04, 2024 11:46:04.12     at new $r (devtools://devtools/bundled/devtools-frontend/front_end/ui/legacy/legacy.js:3:9726)
12월 04, 2024 11:46:04.12     at new Mi (devtools://devtools/bundled/devtools-frontend/front_end/panels/network/network.js:1:203214)
12월 04, 2024 11:46:04.12     at new tr (devtools://devtools/bundled/devtools-frontend/front_end/panels/network/network.js:1:262507)
12월 04, 2024 11:46:04.12     at tr.instance (devtools://devtools/bundled/devtools-frontend/front_end/panels/network/network.js:1:264902)
12월 04, 2024 11:46:04.12     at Object.loadView (devtools://devtools/bundled/devtools-frontend/front_end/entrypoints/devtools_app/devtools_app.js:1:18261)
12월 04, 2024 11:46:04.12     at async Promise.all (index 1)", source: devtools://devtools/bundled/devtools-frontend/front_end/ui/visual_logging/visual_logging.js (1)
12월 04, 2024 11:46:04.12 [2700:6660:1204/114604.120:ERROR:CONSOLE(1)] "Unknown VE context: 글꼴    at $r.addBit (devtools://devtools/bundled/devtools-frontend/front_end/ui/legacy/legacy.js:3:10980)
12월 04, 2024 11:46:04.12     at new $r (devtools://devtools/bundled/devtools-frontend/front_end/ui/legacy/legacy.js:3:9726)
12월 04, 2024 11:46:04.12     at new Mi (devtools://devtools/bundled/devtools-frontend/front_end/panels/network/network.js:1:203214)
12월 04, 2024 11:46:04.12     at new tr (devtools://devtools/bundled/devtools-frontend/front_end/panels/network/network.js:1:262507)
12월 04, 2024 11:46:04.12     at tr.instance (devtools://devtools/bundled/devtools-frontend/front_end/panels/network/network.js:1:264902)
12월 04, 2024 11:46:04.12     at Object.loadView (devtools://devtools/bundled/devtools-frontend/front_end/entrypoints/devtools_app/devtools_app.js:1:18261)
12월 04, 2024 11:46:04.12     at async Promise.all (index 1)", source: devtools://devtools/bundled/devtools-frontend/front_end/ui/visual_logging/visual_logging.js (1)
12월 04, 2024 11:46:04.12 [2700:6660:1204/114604.120:ERROR:CONSOLE(1)] "Unknown VE context: 이미지    at $r.addBit (devtools://devtools/bundled/devtools-frontend/front_end/ui/legacy/legacy.js:3:10980)
12월 04, 2024 11:46:04.12     at new $r (devtools://devtools/bundled/devtools-frontend/front_end/ui/legacy/legacy.js:3:9726)
12월 04, 2024 11:46:04.12     at new Mi (devtools://devtools/bundled/devtools-frontend/front_end/panels/network/network.js:1:203214)
12월 04, 2024 11:46:04.12     at new tr (devtools://devtools/bundled/devtools-frontend/front_end/panels/network/network.js:1:262507)
12월 04, 2024 11:46:04.12     at tr.instance (devtools://devtools/bundled/devtools-frontend/front_end/panels/network/network.js:1:264902)
12월 04, 2024 11:46:04.12     at Object.loadView (devtools://devtools/bundled/devtools-frontend/front_end/entrypoints/devtools_app/devtools_app.js:1:18261)
12월 04, 2024 11:46:04.12     at async Promise.all (index 1)", source: devtools://devtools/bundled/devtools-frontend/front_end/ui/visual_logging/visual_logging.js (1)
12월 04, 2024 11:46:04.12 [2700:6660:1204/114604.121:ERROR:CONSOLE(1)] "Unknown VE context: 미디어    at $r.addBit (devtools://devtools/bundled/devtools-frontend/front_end/ui/legacy/legacy.js:3:10980)
12월 04, 2024 11:46:04.12     at new $r (devtools://devtools/bundled/devtools-frontend/front_end/ui/legacy/legacy.js:3:9726)
12월 04, 2024 11:46:04.12     at new Mi (devtools://devtools/bundled/devtools-frontend/front_end/panels/network/network.js:1:203214)
12월 04, 2024 11:46:04.12     at new tr (devtools://devtools/bundled/devtools-frontend/front_end/panels/network/network.js:1:262507)
12월 04, 2024 11:46:04.12     at tr.instance (devtools://devtools/bundled/devtools-frontend/front_end/panels/network/network.js:1:264902)
12월 04, 2024 11:46:04.12     at Object.loadView (devtools://devtools/bundled/devtools-frontend/front_end/entrypoints/devtools_app/devtools_app.js:1:18261)
12월 04, 2024 11:46:04.12     at async Promise.all (index 1)", source: devtools://devtools/bundled/devtools-frontend/front_end/ui/visual_logging/visual_logging.js (1)
12월 04, 2024 11:46:04.12 [2700:6660:1204/114604.121:ERROR:CONSOLE(1)] "Unknown VE context: 매니페스트    at $r.addBit (devtools://devtools/bundled/devtools-frontend/front_end/ui/legacy/legacy.js:3:10980)
12월 04, 2024 11:46:04.12     at new $r (devtools://devtools/bundled/devtools-frontend/front_end/ui/legacy/legacy.js:3:9726)
12월 04, 2024 11:46:04.12     at new Mi (devtools://devtools/bundled/devtools-frontend/front_end/panels/network/network.js:1:203214)
12월 04, 2024 11:46:04.12     at new tr (devtools://devtools/bundled/devtools-frontend/front_end/panels/network/network.js:1:262507)
12월 04, 2024 11:46:04.12     at tr.instance (devtools://devtools/bundled/devtools-frontend/front_end/panels/network/network.js:1:264902)
12월 04, 2024 11:46:04.12     at Object.loadView (devtools://devtools/bundled/devtools-frontend/front_end/entrypoints/devtools_app/devtools_app.js:1:18261)
12월 04, 2024 11:46:04.12     at async Promise.all (index 1)", source: devtools://devtools/bundled/devtools-frontend/front_end/ui/visual_logging/visual_logging.js (1)
12월 04, 2024 11:46:04.12 [2700:6660:1204/114604.121:ERROR:CONSOLE(1)] "Unknown VE context: 기타    at $r.addBit (devtools://devtools/bundled/devtools-frontend/front_end/ui/legacy/legacy.js:3:10980)
12월 04, 2024 11:46:04.12     at new $r (devtools://devtools/bundled/devtools-frontend/front_end/ui/legacy/legacy.js:3:9726)
12월 04, 2024 11:46:04.12     at new Mi (devtools://devtools/bundled/devtools-frontend/front_end/panels/network/network.js:1:203214)
12월 04, 2024 11:46:04.12     at new tr (devtools://devtools/bundled/devtools-frontend/front_end/panels/network/network.js:1:262507)
12월 04, 2024 11:46:04.12     at tr.instance (devtools://devtools/bundled/devtools-frontend/front_end/panels/network/network.js:1:264902)
12월 04, 2024 11:46:04.12     at Object.loadView (devtools://devtools/bundled/devtools-frontend/front_end/entrypoints/devtools_app/devtools_app.js:1:18261)
12월 04, 2024 11:46:04.12     at async Promise.all (index 1)", source: devtools://devtools/bundled/devtools-frontend/front_end/ui/visual_logging/visual_logging.js (1)
12월 04, 2024 11:46:04.59 [2700:6660:1204/114604.596:ERROR:CONSOLE(1)] "Unknown VE context: Fetch및XHR    at a (devtools://devtools/bundled/devtools-frontend/front_end/ui/visual_logging/visual_logging.js:1:66546)
12월 04, 2024 11:46:04.59     at e.Me (devtools://devtools/bundled/devtools-frontend/front_end/ui/visual_logging/visual_logging.js:1:83574)
12월 04, 2024 11:46:04.59     at devtools://devtools/bundled/devtools-frontend/front_end/ui/components/render_coordinator/render_coordinator.js:1:150", source: devtools://devtools/bundled/devtools-frontend/front_end/ui/visual_logging/visual_logging.js (1)
12월 04, 2024 17:20:50.51 [2700:6660:1204/172050.512:ERROR:interface_endpoint_client.cc(725)] Message 1 rejected by interface blink.mojom.WidgetHost
12월 04, 2024 17:20:50.51 [2700:6660:1204/172050.512:ERROR:interface_endpoint_client.cc(725)] Message 1 rejected by interface blink.mojom.WidgetHost
12월 04, 2024 17:58:22.06 [2700:6660:1204/175822.060:ERROR:interface_endpoint_client.cc(725)] Message 1 rejected by interface blink.mojom.WidgetHost
12월 04, 2024 17:58:22.06 [2700:6660:1204/175822.060:ERROR:interface_endpoint_client.cc(725)] Message 1 rejected by interface blink.mojom.WidgetHost

12월 06, 2024 09:33:36.45 NEW SESSION
12월 06, 2024 09:33:36.45 Created TensorFlow Lite XNNPACK delegate for CPU.
12월 06, 2024 09:33:36.57 [6904:18552:1206/093336.570:ERROR:registration_request.cc(291)] Registration response error message: DEPRECATED_ENDPOINT
12월 06, 2024 09:33:56.92 [6904:18552:1206/093356.928:ERROR:registration_request.cc(291)] Registration response error message: DEPRECATED_ENDPOINT
12월 06, 2024 09:34:51.97 [6904:18552:1206/093451.973:ERROR:registration_request.cc(291)] Registration response error message: DEPRECATED_ENDPOINT
12월 06, 2024 09:36:09.81 Created TensorFlow Lite XNNPACK delegate for CPU.
12월 06, 2024 09:36:09.93 [10132:18488:1206/093609.933:ERROR:registration_request.cc(291)] Registration response error message: QUOTA_EXCEEDED

12월 09, 2024 18:05:53.21 NEW SESSION
12월 09, 2024 18:05:53.22 Created TensorFlow Lite XNNPACK delegate for CPU.
12월 09, 2024 18:05:53.44 [18796:2908:1209/180553.445:ERROR:registration_request.cc(291)] Registration response error message: DEPRECATED_ENDPOINT
12월 09, 2024 18:06:21.17 [18796:2908:1209/180621.169:ERROR:registration_request.cc(291)] Registration response error message: DEPRECATED_ENDPOINT
